
----------------------------------------------------------------------------
--                            Design Analysis                             --
----------------------------------------------------------------------------
Analyze pcore adder_trial ...


----------------------------------------------------------------------------
--                            Design Analysis                             --
----------------------------------------------------------------------------
Analyze pcore adder_trial ...


----------------------------------------------------------------------------
--                            File Generation                             --
----------------------------------------------------------------------------
Creating HDL source directory ...
Generating top peripheral VHDL template ...
Generating stub user logic VHDL template ...
HDL templates successfully generated ...
Creating data directory ...
Generating XPS inteface files ...
Compiling vhdl file
"E:/Xilinx/ISE/14.7/ISE_DS/EDK/hw/XilinxProcessorIPLib/pcores/proc_common_v3_00_
a/hdl/vhdl/proc_common_pkg.vhd" in Library proc_common_v3_00_a.
Package <proc_common_pkg> compiled.
Package body <proc_common_pkg> compiled.
Compiling vhdl file
"E:/Xilinx/ISE/14.7/ISE_DS/EDK/hw/XilinxProcessorIPLib/pcores/proc_common_v3_00_
a/hdl/vhdl/family_support.vhd" in Library proc_common_v3_00_a.
Package <family_support> compiled.
Package body <family_support> compiled.
Compiling vhdl file
"E:/Xilinx/ISE/14.7/ISE_DS/EDK/hw/XilinxProcessorIPLib/pcores/proc_common_v3_00_
a/hdl/vhdl/or_muxcy.vhd" in Library proc_common_v3_00_a.
Entity <or_muxcy> compiled.
Entity <or_muxcy> (Architecture <implementation>) compiled.
Compiling vhdl file
"E:/Xilinx/ISE/14.7/ISE_DS/EDK/hw/XilinxProcessorIPLib/pcores/proc_common_v3_00_
a/hdl/vhdl/or_gate128.vhd" in Library proc_common_v3_00_a.
Entity <or_gate128> compiled.
Entity <or_gate128> (Architecture <imp>) compiled.
Compiling vhdl file
"E:/Xilinx/ISE/14.7/ISE_DS/EDK/hw/XilinxProcessorIPLib/pcores/proc_common_v3_00_
a/hdl/vhdl/counter_f.vhd" in Library proc_common_v3_00_a.
Entity <counter_f> compiled.
Entity <counter_f> (Architecture <imp>) compiled.
Compiling vhdl file
"E:/Xilinx/ISE/14.7/ISE_DS/EDK/hw/XilinxProcessorIPLib/pcores/proc_common_v3_00_
a/hdl/vhdl/pselect_f.vhd" in Library proc_common_v3_00_a.
Entity <pselect_f> compiled.
Entity <pselect_f> (Architecture <imp>) compiled.
Compiling vhdl file
"E:/Xilinx/ISE/14.7/ISE_DS/EDK/hw/XilinxProcessorIPLib/pcores/proc_common_v3_00_
a/hdl/vhdl/ipif_pkg.vhd" in Library proc_common_v3_00_a.
Package <ipif_pkg> compiled.
Package body <ipif_pkg> compiled.
Compiling vhdl file
"E:/Xilinx/ISE/14.7/ISE_DS/EDK/hw/XilinxProcessorIPLib/pcores/axi_lite_ipif_v1_0
1_a/hdl/vhdl/address_decoder.vhd" in Library axi_lite_ipif_v1_01_a.
Entity <address_decoder> compiled.
Entity <address_decoder> (Architecture <IMP>) compiled.
Compiling vhdl file
"E:/Xilinx/ISE/14.7/ISE_DS/EDK/hw/XilinxProcessorIPLib/pcores/axi_lite_ipif_v1_0
1_a/hdl/vhdl/slave_attachment.vhd" in Library axi_lite_ipif_v1_01_a.
Entity <slave_attachment> compiled.
Entity <slave_attachment> (Architecture <imp>) compiled.
Compiling vhdl file
"E:/Xilinx/ISE/14.7/ISE_DS/EDK/hw/XilinxProcessorIPLib/pcores/axi_lite_ipif_v1_0
1_a/hdl/vhdl/axi_lite_ipif.vhd" in Library axi_lite_ipif_v1_01_a.
Entity <axi_lite_ipif> compiled.
Entity <axi_lite_ipif> (Architecture <imp>) compiled.
Compiling vhdl file
"E:/ITI_references/Digital_IC_course/FPGA_prototype/Project/Final_3/pcores/adder
_trial_v1_00_a/data/../hdl/vhdl/user_logic.vhd" in Library adder_trial_v1_00_a.
Entity <user_logic> compiled.
Entity <user_logic> (Architecture <IMP>) compiled.
Compiling vhdl file
"E:/ITI_references/Digital_IC_course/FPGA_prototype/Project/Final_3/pcores/adder
_trial_v1_00_a/data/../hdl/vhdl/adder_trial.vhd" in Library adder_trial_v1_00_a.
Entity <adder_trial> compiled.
Entity <adder_trial> (Architecture <IMP>) compiled.


Analyzing HDL attributes ...
Entity name = adder_trial
INFO:EDK:1607 - IPTYPE set to value : PERIPHERAL
INFO:EDK:1511 - IMP_NETLIST set to value : TRUE
INFO:EDK:1486 - HDL set to value : VHDL
WARNING:EDK:3588 - Unable to delete temporary XST project file
   E:\ITI_references\Digital_IC_course\FPGA_prototype\Project\Final_3\pcores\add
   er_trial_v1_00_a\data\_adder_trial_xst.prj : 13
XPS interface files successfully generated ...
Creating development directory ...
Generating command option file ...
Generating readme file ...
Development misc files successfully generated ...
Creating projnav directory ...
Generating ProjNav support files ...
ProjNav support files successfully generated ...
Creating synthesis directory ...
Generating XST synthesis support files ...
XST synthesis support files successfully generated ...
No BFM simulation files will be generated at this time ...
No software driver files will be generated at this time ...

----------------------------------------------------------------------------
--                              Final Report                              --
----------------------------------------------------------------------------
Thank you for using Create and Import Peripheral Wizard! Please find your
peripheral hardware templates under
E:\ITI_references\Digital_IC_course\FPGA_prototype\Project\Final_3/pcores/adder_
trial_v1_00_a.

Peripheral Summary:

  top name       : adder_trial
  version        : 1.00.a
  type           : AXI4LITE slave
  features       : slave attachment
                   user s/w registers

Address Block Summary:

  user logic slv : C_BASEADDR + 0x00000000
                 : C_BASEADDR + 0x000000FF

File Summary

  - HDL source -
E:\ITI_references\Digital_IC_course\FPGA_prototype\Project\Final_3/pcores/adder_
trial_v1_00_a/hdl
  top entity     : vhdl/adder_trial.vhd
  user logic     : vhdl/user_logic.vhd

  - XPS interface -
E:\ITI_references\Digital_IC_course\FPGA_prototype\Project\Final_3/pcores/adder_
trial_v1_00_a/data
  mpd            : adder_trial_v2_1_0.mpd
  pao            : adder_trial_v2_1_0.pao

  - ISE project -
E:\ITI_references\Digital_IC_course\FPGA_prototype\Project\Final_3/pcores/adder_
trial_v1_00_a/devl/projnav
  ise project    : adder_trial.xise
  tcl script     : adder_trial.tcl


  - XST synthesis -
E:\ITI_references\Digital_IC_course\FPGA_prototype\Project\Final_3/pcores/adder_
trial_v1_00_a/devl/synthesis
  xst script     : adder_trial_xst.scr
  xst project    : adder_trial_xst.prj

  - Misc file -
E:\ITI_references\Digital_IC_course\FPGA_prototype\Project\Final_3/pcores/adder_
trial_v1_00_a/devl
  help           : README.txt
  option         : ipwiz.opt
  log            : ipwiz.log


